<?xml version="1.0" encoding="UTF-8"?>
<testsuite xmlns:xsi="http://www.w3.org/2001/XMLSchema-instance" xsi:noNamespaceSchemaLocation="https://maven.apache.org/surefire/maven-surefire-plugin/xsd/surefire-test-report.xsd" name="org.sat4j.minisat.GenericM2Test" time="1.783" tests="31" errors="0" skipped="0" failures="0">
  <properties>
[...]
</properties>
  <testcase name="AbstractM2TestActivityLCDS" classname="org.sat4j.minisat.GenericM2Test" time="0.016"/>
  <testcase name="AbstractM2TestAgeLCDS" classname="org.sat4j.minisat.GenericM2Test" time="0.017"/>
  <testcase name="AbstractM2TestBackjumping" classname="org.sat4j.minisat.GenericM2Test" time="0.181"/>
  <testcase name="AbstractM2TestBest17" classname="org.sat4j.minisat.GenericM2Test" time="0.02"/>
  <testcase name="AbstractM2TestBestHT" classname="org.sat4j.minisat.GenericM2Test" time="0.031"/>
  <testcase name="AbstractM2TestBestWL" classname="org.sat4j.minisat.GenericM2Test" time="0.018"/>
  <testcase name="AbstractM2TestDefault" classname="org.sat4j.minisat.GenericM2Test" time="0.018"/>
  <testcase name="AbstractM2TestDefaultAutoErasePhaseSaving" classname="org.sat4j.minisat.GenericM2Test" time="0.019"/>
  <testcase name="AbstractM2TestDefaultMS21PhaseSaving" classname="org.sat4j.minisat.GenericM2Test" time="0.021"/>
  <testcase name="AbstractM2TestGlucose" classname="org.sat4j.minisat.GenericM2Test" time="0.02"/>
  <testcase name="AbstractM2TestGlucose21" classname="org.sat4j.minisat.GenericM2Test" time="0.017"/>
  <testcase name="AbstractM2TestGreedySolver" classname="org.sat4j.minisat.GenericM2Test" time="0.021"/>
  <testcase name="AbstractM2TestLight" classname="org.sat4j.minisat.GenericM2Test" time="0.02"/>
  <testcase name="AbstractM2TestMinOneSolver" classname="org.sat4j.minisat.GenericM2Test" time="0.018"/>
  <testcase name="AbstractM2TestMiniLearningHeap" classname="org.sat4j.minisat.GenericM2Test" time="0.02"/>
  <testcase name="AbstractM2TestMiniLearningHeapEZSimp" classname="org.sat4j.minisat.GenericM2Test" time="0.019"/>
  <testcase name="AbstractM2TestMiniLearningHeapEZSimpLongRestarts" classname="org.sat4j.minisat.GenericM2Test" time="0.073"/>
  <testcase name="AbstractM2TestMiniLearningHeapEZSimpNoRestarts" classname="org.sat4j.minisat.GenericM2Test" time="0.056"/>
  <testcase name="AbstractM2TestMiniLearningHeapExpSimp" classname="org.sat4j.minisat.GenericM2Test" time="0.019"/>
  <testcase name="AbstractM2TestMiniLearningHeapRsatExpSimp" classname="org.sat4j.minisat.GenericM2Test" time="0.018"/>
  <testcase name="AbstractM2TestMiniLearningHeapRsatExpSimpBiere" classname="org.sat4j.minisat.GenericM2Test" time="0.015"/>
  <testcase name="AbstractM2TestMiniLearningHeapRsatExpSimpLuby" classname="org.sat4j.minisat.GenericM2Test" time="0.015"/>
  <testcase name="AbstractM2TestMiniSATHeap" classname="org.sat4j.minisat.GenericM2Test" time="0.021"/>
  <testcase name="AbstractM2TestMiniSATHeapEZSimp" classname="org.sat4j.minisat.GenericM2Test" time="0.015"/>
  <testcase name="AbstractM2TestMiniSATHeapExpSimp" classname="org.sat4j.minisat.GenericM2Test" time="0.014"/>
  <testcase name="AbstractM2TestNoSimplification" classname="org.sat4j.minisat.GenericM2Test" time="0.014"/>
  <testcase name="AbstractM2TestParallel" classname="org.sat4j.minisat.GenericM2Test" time="0.518"/>
  <testcase name="AbstractM2TestSAT" classname="org.sat4j.minisat.GenericM2Test" time="0.008"/>
  <testcase name="AbstractM2TestSATUNSAT" classname="org.sat4j.minisat.GenericM2Test" time="0.501"/>
  <testcase name="AbstractM2TestSizeLCDS" classname="org.sat4j.minisat.GenericM2Test" time="0.008"/>
  <testcase name="AbstractM2TestUNSAT" classname="org.sat4j.minisat.GenericM2Test" time="0.011"/>
</testsuite>