<?xml version="1.0" encoding="UTF-8"?>
<testsuite xmlns:xsi="http://www.w3.org/2001/XMLSchema-instance" xsi:noNamespaceSchemaLocation="https://maven.apache.org/surefire/maven-surefire-plugin/xsd/surefire-test-report.xsd" name="org.sat4j.minisat.M2AtLeastTest" time="0.39" tests="98" errors="0" skipped="0" failures="0">
  <properties>
[...]
</properties>
  <testcase name="testAim50UNSAT1" classname="org.sat4j.minisat.M2AtLeastTest" time="0.003"/>
  <testcase name="testAim50UNSAT2" classname="org.sat4j.minisat.M2AtLeastTest" time="0.001"/>
  <testcase name="testAim50UNSAT3" classname="org.sat4j.minisat.M2AtLeastTest" time="0.001"/>
  <testcase name="testAim50UNSAT4" classname="org.sat4j.minisat.M2AtLeastTest" time="0.001"/>
  <testcase name="testAim50UNSAT5" classname="org.sat4j.minisat.M2AtLeastTest" time="0.001"/>
  <testcase name="testAim50UNSAT6" classname="org.sat4j.minisat.M2AtLeastTest" time="0.001"/>
  <testcase name="testAim50UNSAT7" classname="org.sat4j.minisat.M2AtLeastTest" time="0.001"/>
  <testcase name="testAim50UNSAT8" classname="org.sat4j.minisat.M2AtLeastTest" time="0.001"/>
  <testcase name="testIi1" classname="org.sat4j.minisat.M2AtLeastTest" time="0.001"/>
  <testcase name="testIi2" classname="org.sat4j.minisat.M2AtLeastTest" time="0.002"/>
  <testcase name="testIi3" classname="org.sat4j.minisat.M2AtLeastTest" time="0.002"/>
  <testcase name="testIi4" classname="org.sat4j.minisat.M2AtLeastTest" time="0.003"/>
  <testcase name="testIi5" classname="org.sat4j.minisat.M2AtLeastTest" time="0.004"/>
  <testcase name="testIi6" classname="org.sat4j.minisat.M2AtLeastTest" time="0.004"/>
  <testcase name="testIi7" classname="org.sat4j.minisat.M2AtLeastTest" time="0.007"/>
  <testcase name="testIi8" classname="org.sat4j.minisat.M2AtLeastTest" time="0.009"/>
  <testcase name="testIi9" classname="org.sat4j.minisat.M2AtLeastTest" time="0.003"/>
  <testcase name="testHole6" classname="org.sat4j.minisat.M2AtLeastTest" time="0.01"/>
  <testcase name="testHole7" classname="org.sat4j.minisat.M2AtLeastTest" time="0.061"/>
  <testcase name="testJNH10" classname="org.sat4j.minisat.M2AtLeastTest" time="0.001"/>
  <testcase name="testJNH11" classname="org.sat4j.minisat.M2AtLeastTest" time="0.004"/>
  <testcase name="testJNH12" classname="org.sat4j.minisat.M2AtLeastTest" time="0.001"/>
  <testcase name="testJNH13" classname="org.sat4j.minisat.M2AtLeastTest" time="0.002"/>
  <testcase name="testJNH14" classname="org.sat4j.minisat.M2AtLeastTest" time="0.001"/>
  <testcase name="testJNH15" classname="org.sat4j.minisat.M2AtLeastTest" time="0.002"/>
  <testcase name="testJNH16" classname="org.sat4j.minisat.M2AtLeastTest" time="0.012"/>
  <testcase name="testJNH17" classname="org.sat4j.minisat.M2AtLeastTest" time="0.001"/>
  <testcase name="testJNH18" classname="org.sat4j.minisat.M2AtLeastTest" time="0.003"/>
  <testcase name="testJNH19" classname="org.sat4j.minisat.M2AtLeastTest" time="0.002"/>
  <testcase name="testJNH20" classname="org.sat4j.minisat.M2AtLeastTest" time="0.003"/>
  <testcase name="testJNH21" classname="org.sat4j.minisat.M2AtLeastTest" time="0.001"/>
  <testcase name="testJNH22" classname="org.sat4j.minisat.M2AtLeastTest" time="0.001"/>
  <testcase name="testJNH23" classname="org.sat4j.minisat.M2AtLeastTest" time="0.003"/>
  <testcase name="testJNH24" classname="org.sat4j.minisat.M2AtLeastTest" time="0.002"/>
  <testcase name="testJNH25" classname="org.sat4j.minisat.M2AtLeastTest" time="0.002"/>
  <testcase name="testJNH26" classname="org.sat4j.minisat.M2AtLeastTest" time="0.002"/>
  <testcase name="testJNH27" classname="org.sat4j.minisat.M2AtLeastTest" time="0.002"/>
  <testcase name="testJNH28" classname="org.sat4j.minisat.M2AtLeastTest" time="0.002"/>
  <testcase name="testJNH29" classname="org.sat4j.minisat.M2AtLeastTest" time="0.002"/>
  <testcase name="testJNH30" classname="org.sat4j.minisat.M2AtLeastTest" time="0.001"/>
  <testcase name="testJNH31" classname="org.sat4j.minisat.M2AtLeastTest" time="0.002"/>
  <testcase name="testJNH32" classname="org.sat4j.minisat.M2AtLeastTest" time="0.006"/>
  <testcase name="testJNH33" classname="org.sat4j.minisat.M2AtLeastTest" time="0.002"/>
  <testcase name="testJNH34" classname="org.sat4j.minisat.M2AtLeastTest" time="0.001"/>
  <testcase name="testJNH35" classname="org.sat4j.minisat.M2AtLeastTest" time="0.002"/>
  <testcase name="testJNH36" classname="org.sat4j.minisat.M2AtLeastTest" time="0.002"/>
  <testcase name="testJNH37" classname="org.sat4j.minisat.M2AtLeastTest" time="0.001"/>
  <testcase name="testJNH38" classname="org.sat4j.minisat.M2AtLeastTest" time="0.001"/>
  <testcase name="testJNH39" classname="org.sat4j.minisat.M2AtLeastTest" time="0.002"/>
  <testcase name="testJNH40" classname="org.sat4j.minisat.M2AtLeastTest" time="0.003"/>
  <testcase name="testJNH41" classname="org.sat4j.minisat.M2AtLeastTest" time="0.002"/>
  <testcase name="testJNH42" classname="org.sat4j.minisat.M2AtLeastTest" time="0.002"/>
  <testcase name="testJNH43" classname="org.sat4j.minisat.M2AtLeastTest" time="0.002"/>
  <testcase name="testJNH44" classname="org.sat4j.minisat.M2AtLeastTest" time="0.001"/>
  <testcase name="testJNH45" classname="org.sat4j.minisat.M2AtLeastTest" time="0.002"/>
  <testcase name="testJNH46" classname="org.sat4j.minisat.M2AtLeastTest" time="0.004"/>
  <testcase name="testJNH47" classname="org.sat4j.minisat.M2AtLeastTest" time="0.002"/>
  <testcase name="testJNH48" classname="org.sat4j.minisat.M2AtLeastTest" time="0.003"/>
  <testcase name="testJNH49" classname="org.sat4j.minisat.M2AtLeastTest" time="0.002"/>
  <testcase name="testJNH50" classname="org.sat4j.minisat.M2AtLeastTest" time="0.001"/>
  <testcase name="testAim50SAT10" classname="org.sat4j.minisat.M2AtLeastTest" time="0.001"/>
  <testcase name="testAim50SAT11" classname="org.sat4j.minisat.M2AtLeastTest" time="0"/>
  <testcase name="testAim50SAT12" classname="org.sat4j.minisat.M2AtLeastTest" time="0.001"/>
  <testcase name="testAim50SAT13" classname="org.sat4j.minisat.M2AtLeastTest" time="0"/>
  <testcase name="testAim50SAT14" classname="org.sat4j.minisat.M2AtLeastTest" time="0.001"/>
  <testcase name="testAim50SAT15" classname="org.sat4j.minisat.M2AtLeastTest" time="0.001"/>
  <testcase name="testAim50SAT16" classname="org.sat4j.minisat.M2AtLeastTest" time="0"/>
  <testcase name="testIi10" classname="org.sat4j.minisat.M2AtLeastTest" time="0.006"/>
  <testcase name="testIi11" classname="org.sat4j.minisat.M2AtLeastTest" time="0.002"/>
  <testcase name="testIi12" classname="org.sat4j.minisat.M2AtLeastTest" time="0.004"/>
  <testcase name="testIi13" classname="org.sat4j.minisat.M2AtLeastTest" time="0.003"/>
  <testcase name="testIi14" classname="org.sat4j.minisat.M2AtLeastTest" time="0.004"/>
  <testcase name="testIi15" classname="org.sat4j.minisat.M2AtLeastTest" time="0.012"/>
  <testcase name="testIi16" classname="org.sat4j.minisat.M2AtLeastTest" time="0.026"/>
  <testcase name="testIi17" classname="org.sat4j.minisat.M2AtLeastTest" time="0.016"/>
  <testcase name="testIi18" classname="org.sat4j.minisat.M2AtLeastTest" time="0.013"/>
  <testcase name="testIi20" classname="org.sat4j.minisat.M2AtLeastTest" time="0.039"/>
  <testcase name="testIi21" classname="org.sat4j.minisat.M2AtLeastTest" time="0.01"/>
  <testcase name="testIi22" classname="org.sat4j.minisat.M2AtLeastTest" time="0.007"/>
  <testcase name="testIi23" classname="org.sat4j.minisat.M2AtLeastTest" time="0.011"/>
  <testcase name="testJNH1" classname="org.sat4j.minisat.M2AtLeastTest" time="0.001"/>
  <testcase name="testJNH2" classname="org.sat4j.minisat.M2AtLeastTest" time="0.001"/>
  <testcase name="testJNH3" classname="org.sat4j.minisat.M2AtLeastTest" time="0.004"/>
  <testcase name="testJNH4" classname="org.sat4j.minisat.M2AtLeastTest" time="0.001"/>
  <testcase name="testJNH5" classname="org.sat4j.minisat.M2AtLeastTest" time="0.002"/>
  <testcase name="testJNH6" classname="org.sat4j.minisat.M2AtLeastTest" time="0.002"/>
  <testcase name="testJNH7" classname="org.sat4j.minisat.M2AtLeastTest" time="0.001"/>
  <testcase name="testJNH8" classname="org.sat4j.minisat.M2AtLeastTest" time="0.002"/>
  <testcase name="testJNH9" classname="org.sat4j.minisat.M2AtLeastTest" time="0.002"/>
  <testcase name="testAim50SAT1" classname="org.sat4j.minisat.M2AtLeastTest" time="0"/>
  <testcase name="testAim50SAT2" classname="org.sat4j.minisat.M2AtLeastTest" time="0.001"/>
  <testcase name="testAim50SAT3" classname="org.sat4j.minisat.M2AtLeastTest" time="0"/>
  <testcase name="testAim50SAT4" classname="org.sat4j.minisat.M2AtLeastTest" time="0"/>
  <testcase name="testAim50SAT5" classname="org.sat4j.minisat.M2AtLeastTest" time="0.001"/>
  <testcase name="testAim50SAT6" classname="org.sat4j.minisat.M2AtLeastTest" time="0"/>
  <testcase name="testAim50SAT7" classname="org.sat4j.minisat.M2AtLeastTest" time="0.001"/>
  <testcase name="testAim50SAT8" classname="org.sat4j.minisat.M2AtLeastTest" time="0"/>
  <testcase name="testAim50SAT9" classname="org.sat4j.minisat.M2AtLeastTest" time="0.001"/>
</testsuite>