<?xml version="1.0" encoding="UTF-8"?>
<testsuite xmlns:xsi="http://www.w3.org/2001/XMLSchema-instance" xsi:noNamespaceSchemaLocation="https://maven.apache.org/surefire/maven-surefire-plugin/xsd/surefire-test-report.xsd" name="org.sat4j.pb.BugSAT34" time="3.484" tests="82" errors="0" skipped="0" failures="0">
  <properties>
[...]
</properties>
  <testcase name="testUnitClause[0]" classname="org.sat4j.pb.BugSAT34" time="1.066"/>
  <testcase name="testUnitClause[1]" classname="org.sat4j.pb.BugSAT34" time="1.005"/>
  <testcase name="testUnitClause[2]" classname="org.sat4j.pb.BugSAT34" time="0.001"/>
  <testcase name="testUnitClause[3]" classname="org.sat4j.pb.BugSAT34" time="0.001"/>
  <testcase name="testUnitClause[4]" classname="org.sat4j.pb.BugSAT34" time="0.001"/>
  <testcase name="testUnitClause[5]" classname="org.sat4j.pb.BugSAT34" time="0.001"/>
  <testcase name="testUnitClause[6]" classname="org.sat4j.pb.BugSAT34" time="0"/>
  <testcase name="testUnitClause[7]" classname="org.sat4j.pb.BugSAT34" time="0"/>
  <testcase name="testUnitClause[8]" classname="org.sat4j.pb.BugSAT34" time="0"/>
  <testcase name="testUnitClause[9]" classname="org.sat4j.pb.BugSAT34" time="0"/>
  <testcase name="testUnitClause[10]" classname="org.sat4j.pb.BugSAT34" time="0.001"/>
  <testcase name="testUnitClause[11]" classname="org.sat4j.pb.BugSAT34" time="0.001"/>
  <testcase name="testUnitClause[12]" classname="org.sat4j.pb.BugSAT34" time="0.001"/>
  <testcase name="testUnitClause[13]" classname="org.sat4j.pb.BugSAT34" time="0.001"/>
  <testcase name="testUnitClause[14]" classname="org.sat4j.pb.BugSAT34" time="0.001"/>
  <testcase name="testUnitClause[15]" classname="org.sat4j.pb.BugSAT34" time="0.001"/>
  <testcase name="testUnitClause[16]" classname="org.sat4j.pb.BugSAT34" time="0.001"/>
  <testcase name="testUnitClause[17]" classname="org.sat4j.pb.BugSAT34" time="0.001"/>
  <testcase name="testUnitClause[18]" classname="org.sat4j.pb.BugSAT34" time="0.001"/>
  <testcase name="testUnitClause[19]" classname="org.sat4j.pb.BugSAT34" time="0.001"/>
  <testcase name="testUnitClause[20]" classname="org.sat4j.pb.BugSAT34" time="0.001"/>
  <testcase name="testUnitClause[21]" classname="org.sat4j.pb.BugSAT34" time="0.001"/>
  <testcase name="testUnitClause[22]" classname="org.sat4j.pb.BugSAT34" time="0.001"/>
  <testcase name="testUnitClause[23]" classname="org.sat4j.pb.BugSAT34" time="0"/>
  <testcase name="testUnitClause[24]" classname="org.sat4j.pb.BugSAT34" time="0.001"/>
  <testcase name="testUnitClause[25]" classname="org.sat4j.pb.BugSAT34" time="0.001"/>
  <testcase name="testUnitClause[26]" classname="org.sat4j.pb.BugSAT34" time="0.001"/>
  <testcase name="testUnitClause[27]" classname="org.sat4j.pb.BugSAT34" time="0.001"/>
  <testcase name="testUnitClause[28]" classname="org.sat4j.pb.BugSAT34" time="0.001"/>
  <testcase name="testUnitClause[29]" classname="org.sat4j.pb.BugSAT34" time="0.001"/>
  <testcase name="testUnitClause[30]" classname="org.sat4j.pb.BugSAT34" time="0.001"/>
  <testcase name="testUnitClause[31]" classname="org.sat4j.pb.BugSAT34" time="0"/>
  <testcase name="testUnitClause[32]" classname="org.sat4j.pb.BugSAT34" time="0.001"/>
  <testcase name="testUnitClause[33]" classname="org.sat4j.pb.BugSAT34" time="0.001"/>
  <testcase name="testUnitClause[34]" classname="org.sat4j.pb.BugSAT34" time="0.001"/>
  <testcase name="testUnitClause[35]" classname="org.sat4j.pb.BugSAT34" time="0"/>
  <testcase name="testUnitClause[36]" classname="org.sat4j.pb.BugSAT34" time="0.001"/>
  <testcase name="testUnitClause[37]" classname="org.sat4j.pb.BugSAT34" time="0.001"/>
  <testcase name="testUnitClause[38]" classname="org.sat4j.pb.BugSAT34" time="0"/>
  <testcase name="testUnitClause[39]" classname="org.sat4j.pb.BugSAT34" time="0.001"/>
  <testcase name="testUnitClause[40]" classname="org.sat4j.pb.BugSAT34" time="0"/>
  <testcase name="testUnitClause[41]" classname="org.sat4j.pb.BugSAT34" time="0.001"/>
  <testcase name="testUnitClause[42]" classname="org.sat4j.pb.BugSAT34" time="0"/>
  <testcase name="testUnitClause[43]" classname="org.sat4j.pb.BugSAT34" time="0.001"/>
  <testcase name="testUnitClause[44]" classname="org.sat4j.pb.BugSAT34" time="0"/>
  <testcase name="testUnitClause[45]" classname="org.sat4j.pb.BugSAT34" time="0.001"/>
  <testcase name="testUnitClause[46]" classname="org.sat4j.pb.BugSAT34" time="0.004"/>
  <testcase name="testUnitClause[47]" classname="org.sat4j.pb.BugSAT34" time="0"/>
  <testcase name="testUnitClause[48]" classname="org.sat4j.pb.BugSAT34" time="0"/>
  <testcase name="testUnitClause[49]" classname="org.sat4j.pb.BugSAT34" time="0"/>
  <testcase name="testUnitClause[50]" classname="org.sat4j.pb.BugSAT34" time="0"/>
  <testcase name="testUnitClause[51]" classname="org.sat4j.pb.BugSAT34" time="0"/>
  <testcase name="testUnitClause[52]" classname="org.sat4j.pb.BugSAT34" time="0"/>
  <testcase name="testUnitClause[53]" classname="org.sat4j.pb.BugSAT34" time="0"/>
  <testcase name="testUnitClause[54]" classname="org.sat4j.pb.BugSAT34" time="0"/>
  <testcase name="testUnitClause[55]" classname="org.sat4j.pb.BugSAT34" time="0.001"/>
  <testcase name="testUnitClause[56]" classname="org.sat4j.pb.BugSAT34" time="0"/>
  <testcase name="testUnitClause[57]" classname="org.sat4j.pb.BugSAT34" time="0.001"/>
  <testcase name="testUnitClause[58]" classname="org.sat4j.pb.BugSAT34" time="0"/>
  <testcase name="testUnitClause[59]" classname="org.sat4j.pb.BugSAT34" time="0.001"/>
  <testcase name="testUnitClause[60]" classname="org.sat4j.pb.BugSAT34" time="0"/>
  <testcase name="testUnitClause[61]" classname="org.sat4j.pb.BugSAT34" time="0.001"/>
  <testcase name="testUnitClause[62]" classname="org.sat4j.pb.BugSAT34" time="0"/>
  <testcase name="testUnitClause[63]" classname="org.sat4j.pb.BugSAT34" time="0.001"/>
  <testcase name="testUnitClause[64]" classname="org.sat4j.pb.BugSAT34" time="0"/>
  <testcase name="testUnitClause[65]" classname="org.sat4j.pb.BugSAT34" time="0.001"/>
  <testcase name="testUnitClause[66]" classname="org.sat4j.pb.BugSAT34" time="0"/>
  <testcase name="testUnitClause[67]" classname="org.sat4j.pb.BugSAT34" time="0.001"/>
  <testcase name="testUnitClause[68]" classname="org.sat4j.pb.BugSAT34" time="0"/>
  <testcase name="testUnitClause[69]" classname="org.sat4j.pb.BugSAT34" time="0.001"/>
  <testcase name="testUnitClause[70]" classname="org.sat4j.pb.BugSAT34" time="0"/>
  <testcase name="testUnitClause[71]" classname="org.sat4j.pb.BugSAT34" time="0.001"/>
  <testcase name="testUnitClause[72]" classname="org.sat4j.pb.BugSAT34" time="0"/>
  <testcase name="testUnitClause[73]" classname="org.sat4j.pb.BugSAT34" time="0.001"/>
  <testcase name="testUnitClause[74]" classname="org.sat4j.pb.BugSAT34" time="0"/>
  <testcase name="testUnitClause[75]" classname="org.sat4j.pb.BugSAT34" time="0.001"/>
  <testcase name="testUnitClause[76]" classname="org.sat4j.pb.BugSAT34" time="0"/>
  <testcase name="testUnitClause[77]" classname="org.sat4j.pb.BugSAT34" time="0.001"/>
  <testcase name="testUnitClause[78]" classname="org.sat4j.pb.BugSAT34" time="0"/>
  <testcase name="testUnitClause[79]" classname="org.sat4j.pb.BugSAT34" time="1.008"/>
  <testcase name="testUnitClause[80]" classname="org.sat4j.pb.BugSAT34" time="0.001"/>
  <testcase name="testUnitClause[81]" classname="org.sat4j.pb.BugSAT34" time="0"/>
</testsuite>