<?xml version="1.0" encoding="UTF-8"?>
<testsuite xmlns:xsi="http://www.w3.org/2001/XMLSchema-instance" xsi:noNamespaceSchemaLocation="https://maven.apache.org/surefire/maven-surefire-plugin/xsd/surefire-test-report.xsd" name="org.sat4j.pb.constraints.PBCPSkipMaxClauseCardConstrClauseLearningTest" time="8.243" tests="29" errors="0" skipped="0" failures="0">
  <properties>
[...]
</properties>
  <testcase name="testncirc43" classname="org.sat4j.pb.constraints.PBCPSkipMaxClauseCardConstrClauseLearningTest" time="0.107"/>
  <testcase name="testncirc63" classname="org.sat4j.pb.constraints.PBCPSkipMaxClauseCardConstrClauseLearningTest" time="0.36"/>
  <testcase name="testncirc83" classname="org.sat4j.pb.constraints.PBCPSkipMaxClauseCardConstrClauseLearningTest" time="0.837"/>
  <testcase name="testndata43" classname="org.sat4j.pb.constraints.PBCPSkipMaxClauseCardConstrClauseLearningTest" time="0.016"/>
  <testcase name="testndata63" classname="org.sat4j.pb.constraints.PBCPSkipMaxClauseCardConstrClauseLearningTest" time="0.205"/>
  <testcase name="testndata83" classname="org.sat4j.pb.constraints.PBCPSkipMaxClauseCardConstrClauseLearningTest" time="0.826"/>
  <testcase name="testn9symml" classname="org.sat4j.pb.constraints.PBCPSkipMaxClauseCardConstrClauseLearningTest" time="0.079"/>
  <testcase name="testnC17" classname="org.sat4j.pb.constraints.PBCPSkipMaxClauseCardConstrClauseLearningTest" time="0.002"/>
  <testcase name="testnC432" classname="org.sat4j.pb.constraints.PBCPSkipMaxClauseCardConstrClauseLearningTest" time="0.085"/>
  <testcase name="testnb1" classname="org.sat4j.pb.constraints.PBCPSkipMaxClauseCardConstrClauseLearningTest" time="0.002"/>
  <testcase name="testnc8" classname="org.sat4j.pb.constraints.PBCPSkipMaxClauseCardConstrClauseLearningTest" time="0.02"/>
  <testcase name="testncc" classname="org.sat4j.pb.constraints.PBCPSkipMaxClauseCardConstrClauseLearningTest" time="0.008"/>
  <testcase name="testncm42a" classname="org.sat4j.pb.constraints.PBCPSkipMaxClauseCardConstrClauseLearningTest" time="0.007"/>
  <testcase name="testncmb" classname="org.sat4j.pb.constraints.PBCPSkipMaxClauseCardConstrClauseLearningTest" time="0.027"/>
  <testcase name="testnmux" classname="org.sat4j.pb.constraints.PBCPSkipMaxClauseCardConstrClauseLearningTest" time="0.024"/>
  <testcase name="testnmyadder" classname="org.sat4j.pb.constraints.PBCPSkipMaxClauseCardConstrClauseLearningTest" time="0.053"/>
  <testcase name="testPN34" classname="org.sat4j.pb.constraints.PBCPSkipMaxClauseCardConstrClauseLearningTest" time="0.002"/>
  <testcase name="testPN4" classname="org.sat4j.pb.constraints.PBCPSkipMaxClauseCardConstrClauseLearningTest" time="0.002"/>
  <testcase name="testPN45" classname="org.sat4j.pb.constraints.PBCPSkipMaxClauseCardConstrClauseLearningTest" time="0.001"/>
  <testcase name="testPN5" classname="org.sat4j.pb.constraints.PBCPSkipMaxClauseCardConstrClauseLearningTest" time="0.004"/>
  <testcase name="testPN56" classname="org.sat4j.pb.constraints.PBCPSkipMaxClauseCardConstrClauseLearningTest" time="0.002"/>
  <testcase name="testPN6" classname="org.sat4j.pb.constraints.PBCPSkipMaxClauseCardConstrClauseLearningTest" time="0.034"/>
  <testcase name="testPN67" classname="org.sat4j.pb.constraints.PBCPSkipMaxClauseCardConstrClauseLearningTest" time="0.002"/>
  <testcase name="testPN7" classname="org.sat4j.pb.constraints.PBCPSkipMaxClauseCardConstrClauseLearningTest" time="0.211"/>
  <testcase name="testPN78" classname="org.sat4j.pb.constraints.PBCPSkipMaxClauseCardConstrClauseLearningTest" time="0.004"/>
  <testcase name="testPN8" classname="org.sat4j.pb.constraints.PBCPSkipMaxClauseCardConstrClauseLearningTest" time="1.271"/>
  <testcase name="testPN89" classname="org.sat4j.pb.constraints.PBCPSkipMaxClauseCardConstrClauseLearningTest" time="0.007"/>
  <testcase name="testPN9" classname="org.sat4j.pb.constraints.PBCPSkipMaxClauseCardConstrClauseLearningTest" time="4.023"/>
  <testcase name="testPN910" classname="org.sat4j.pb.constraints.PBCPSkipMaxClauseCardConstrClauseLearningTest" time="0.003"/>
</testsuite>