<?xml version="1.0" encoding="UTF-8"?>
<testsuite xmlns:xsi="http://www.w3.org/2001/XMLSchema-instance" xsi:noNamespaceSchemaLocation="https://maven.apache.org/surefire/maven-surefire-plugin/xsd/surefire-test-report.xsd" name="org.sat4j.pb.constraints.WatchedPBConstrWithPBConstrLearningTest" time="138.477" tests="53" errors="0" skipped="0" failures="0">
  <properties>
[...]
</properties>
  <testcase name="testaloul1525" classname="org.sat4j.pb.constraints.WatchedPBConstrWithPBConstrLearningTest" time="0.029"/>
  <testcase name="testaloul3031" classname="org.sat4j.pb.constraints.WatchedPBConstrWithPBConstrLearningTest" time="0.377"/>
  <testcase name="testncirc103" classname="org.sat4j.pb.constraints.WatchedPBConstrWithPBConstrLearningTest" time="65.54"/>
  <testcase name="testaloul4041" classname="org.sat4j.pb.constraints.WatchedPBConstrWithPBConstrLearningTest" time="1.306"/>
  <testcase name="testaloul2030" classname="org.sat4j.pb.constraints.WatchedPBConstrWithPBConstrLearningTest" time="0.026"/>
  <testcase name="testaloul5060" classname="org.sat4j.pb.constraints.WatchedPBConstrWithPBConstrLearningTest" time="0.496"/>
  <testcase name="testaloul1015" classname="org.sat4j.pb.constraints.WatchedPBConstrWithPBConstrLearningTest" time="0.003"/>
  <testcase name="testaloul3545" classname="org.sat4j.pb.constraints.WatchedPBConstrWithPBConstrLearningTest" time="0.134"/>
  <testcase name="testaloul2021" classname="org.sat4j.pb.constraints.WatchedPBConstrWithPBConstrLearningTest" time="0.05"/>
  <testcase name="testaloul3540" classname="org.sat4j.pb.constraints.WatchedPBConstrWithPBConstrLearningTest" time="0.112"/>
  <testcase name="testaloul4050" classname="org.sat4j.pb.constraints.WatchedPBConstrWithPBConstrLearningTest" time="0.253"/>
  <testcase name="testPN10" classname="org.sat4j.pb.constraints.WatchedPBConstrWithPBConstrLearningTest" time="0.003"/>
  <testcase name="testaloul5051" classname="org.sat4j.pb.constraints.WatchedPBConstrWithPBConstrLearningTest" time="3.844"/>
  <testcase name="testaloul3536" classname="org.sat4j.pb.constraints.WatchedPBConstrWithPBConstrLearningTest" time="0.648"/>
  <testcase name="testaloul4045" classname="org.sat4j.pb.constraints.WatchedPBConstrWithPBConstrLearningTest" time="0.168"/>
  <testcase name="testaloul5055" classname="org.sat4j.pb.constraints.WatchedPBConstrWithPBConstrLearningTest" time="0.385"/>
  <testcase name="testndata103" classname="org.sat4j.pb.constraints.WatchedPBConstrWithPBConstrLearningTest" time="63.233"/>
  <testcase name="testaloul3040" classname="org.sat4j.pb.constraints.WatchedPBConstrWithPBConstrLearningTest" time="0.079"/>
  <testcase name="testaloul1020" classname="org.sat4j.pb.constraints.WatchedPBConstrWithPBConstrLearningTest" time="0.004"/>
  <testcase name="testaloul2025" classname="org.sat4j.pb.constraints.WatchedPBConstrWithPBConstrLearningTest" time="0.016"/>
  <testcase name="testaloul1011" classname="org.sat4j.pb.constraints.WatchedPBConstrWithPBConstrLearningTest" time="0.003"/>
  <testcase name="testaloul3035" classname="org.sat4j.pb.constraints.WatchedPBConstrWithPBConstrLearningTest" time="0.077"/>
  <testcase name="testaloul1520" classname="org.sat4j.pb.constraints.WatchedPBConstrWithPBConstrLearningTest" time="0.007"/>
  <testcase name="testaloul1516" classname="org.sat4j.pb.constraints.WatchedPBConstrWithPBConstrLearningTest" time="0.014"/>
  <testcase name="testndata83" classname="org.sat4j.pb.constraints.WatchedPBConstrWithPBConstrLearningTest" time="0.654"/>
  <testcase name="testncirc63" classname="org.sat4j.pb.constraints.WatchedPBConstrWithPBConstrLearningTest" time="0.093"/>
  <testcase name="testncc" classname="org.sat4j.pb.constraints.WatchedPBConstrWithPBConstrLearningTest" time="0.003"/>
  <testcase name="testncirc43" classname="org.sat4j.pb.constraints.WatchedPBConstrWithPBConstrLearningTest" time="0.008"/>
  <testcase name="testndata43" classname="org.sat4j.pb.constraints.WatchedPBConstrWithPBConstrLearningTest" time="0.008"/>
  <testcase name="testn9symml" classname="org.sat4j.pb.constraints.WatchedPBConstrWithPBConstrLearningTest" time="0.027"/>
  <testcase name="testnC17" classname="org.sat4j.pb.constraints.WatchedPBConstrWithPBConstrLearningTest" time="0.001"/>
  <testcase name="testnc8" classname="org.sat4j.pb.constraints.WatchedPBConstrWithPBConstrLearningTest" time="0.006"/>
  <testcase name="testnb1" classname="org.sat4j.pb.constraints.WatchedPBConstrWithPBConstrLearningTest" time="0.001"/>
  <testcase name="testncirc83" classname="org.sat4j.pb.constraints.WatchedPBConstrWithPBConstrLearningTest" time="0.687"/>
  <testcase name="testndata63" classname="org.sat4j.pb.constraints.WatchedPBConstrWithPBConstrLearningTest" time="0.098"/>
  <testcase name="testnmyadder" classname="org.sat4j.pb.constraints.WatchedPBConstrWithPBConstrLearningTest" time="0.017"/>
  <testcase name="testnC432" classname="org.sat4j.pb.constraints.WatchedPBConstrWithPBConstrLearningTest" time="0.025"/>
  <testcase name="testnmux" classname="org.sat4j.pb.constraints.WatchedPBConstrWithPBConstrLearningTest" time="0.008"/>
  <testcase name="testncm42a" classname="org.sat4j.pb.constraints.WatchedPBConstrWithPBConstrLearningTest" time="0.002"/>
  <testcase name="testncmb" classname="org.sat4j.pb.constraints.WatchedPBConstrWithPBConstrLearningTest" time="0.011"/>
  <testcase name="testPN89" classname="org.sat4j.pb.constraints.WatchedPBConstrWithPBConstrLearningTest" time="0.001"/>
  <testcase name="testPN8" classname="org.sat4j.pb.constraints.WatchedPBConstrWithPBConstrLearningTest" time="0.001"/>
  <testcase name="testPN6" classname="org.sat4j.pb.constraints.WatchedPBConstrWithPBConstrLearningTest" time="0.001"/>
  <testcase name="testPN5" classname="org.sat4j.pb.constraints.WatchedPBConstrWithPBConstrLearningTest" time="0.001"/>
  <testcase name="testPN910" classname="org.sat4j.pb.constraints.WatchedPBConstrWithPBConstrLearningTest" time="0.001"/>
  <testcase name="testPN67" classname="org.sat4j.pb.constraints.WatchedPBConstrWithPBConstrLearningTest" time="0.002"/>
  <testcase name="testPN78" classname="org.sat4j.pb.constraints.WatchedPBConstrWithPBConstrLearningTest" time="0.001"/>
  <testcase name="testPN4" classname="org.sat4j.pb.constraints.WatchedPBConstrWithPBConstrLearningTest" time="0.001"/>
  <testcase name="testPN56" classname="org.sat4j.pb.constraints.WatchedPBConstrWithPBConstrLearningTest" time="0"/>
  <testcase name="testPN7" classname="org.sat4j.pb.constraints.WatchedPBConstrWithPBConstrLearningTest" time="0.002"/>
  <testcase name="testPN34" classname="org.sat4j.pb.constraints.WatchedPBConstrWithPBConstrLearningTest" time="0"/>
  <testcase name="testPN45" classname="org.sat4j.pb.constraints.WatchedPBConstrWithPBConstrLearningTest" time="0.001"/>
  <testcase name="testPN9" classname="org.sat4j.pb.constraints.WatchedPBConstrWithPBConstrLearningTest" time="0.002"/>
</testsuite>